# JRE version: Java(TM) SE Runtime Environment (8.0_191-b12) (build 1.8.0_191-b12)
# Java VM: Java HotSpot(TM) 64-Bit Server VM (25.191-b12 mixed mode windows-amd64 compressed oops)
Heap:
 PSYoungGen      total 73728K, used 59158K [0x00000000e0000000, 0x00000000e7180000, 0x0000000100000000)
  eden space 63488K, 81% used [0x00000000e0000000,0x00000000e32d31b8,0x00000000e3e00000)
  from space 10240K, 69% used [0x00000000e3e00000,0x00000000e44f2688,0x00000000e4800000)
  to   space 10240K, 0% used [0x00000000e6780000,0x00000000e6780000,0x00000000e7180000)
 ParOldGen       total 60928K, used 8746K [0x00000000a0000000, 0x00000000a3b80000, 0x00000000e0000000)
  object space 60928K, 14% used [0x00000000a0000000,0x00000000a088a8c0,0x00000000a3b80000)
 Metaspace       used 31167K, capacity 31782K, committed 32128K, reserved 1077248K
  class space    used 4465K, capacity 4667K, committed 4736K, reserved 1048576K
GC Heap History (10 events):
Event: 8.321 GC heap before
{Heap before GC invocations=4 (full 0):
 PSYoungGen      total 36864K, used 36857K [0x00000000e0000000, 0x00000000e2900000, 0x0000000100000000)
  eden space 31744K, 99% used [0x00000000e0000000,0x00000000e1eff658,0x00000000e1f00000)
  from space 5120K, 99% used [0x00000000e1f00000,0x00000000e23feee0,0x00000000e2400000)
  to   space 5120K, 0% used [0x00000000e2400000,0x00000000e2400000,0x00000000e2900000)
 ParOldGen       total 84992K, used 1621K [0x00000000a0000000, 0x00000000a5300000, 0x00000000e0000000)
  object space 84992K, 1% used [0x00000000a0000000,0x00000000a0195760,0x00000000a5300000)
 Metaspace       used 15279K, capacity 15740K, committed 16000K, reserved 1062912K
  class space    used 2218K, capacity 2396K, committed 2432K, reserved 1048576K
Event: 8.346 GC heap after
Heap after GC invocations=4 (full 0):
 PSYoungGen      total 36864K, used 5096K [0x00000000e0000000, 0x00000000e4800000, 0x0000000100000000)
  eden space 31744K, 0% used [0x00000000e0000000,0x00000000e0000000,0x00000000e1f00000)
  from space 5120K, 99% used [0x00000000e2400000,0x00000000e28fa040,0x00000000e2900000)
  to   space 5120K, 0% used [0x00000000e1f00000,0x00000000e1f00000,0x00000000e2400000)
 ParOldGen       total 84992K, used 4525K [0x00000000a0000000, 0x00000000a5300000, 0x00000000e0000000)
  object space 84992K, 5% used [0x00000000a0000000,0x00000000a046b450,0x00000000a5300000)
 Metaspace       used 15279K, capacity 15740K, committed 16000K, reserved 1062912K
  class space    used 2218K, capacity 2396K, committed 2432K, reserved 1048576K
}
Event: 9.704 GC heap before
{Heap before GC invocations=5 (full 0):
 PSYoungGen      total 36864K, used 36840K [0x00000000e0000000, 0x00000000e4800000, 0x0000000100000000)
  eden space 31744K, 100% used [0x00000000e0000000,0x00000000e1f00000,0x00000000e1f00000)
  from space 5120K, 99% used [0x00000000e2400000,0x00000000e28fa040,0x00000000e2900000)
  to   space 5120K, 0% used [0x00000000e1f00000,0x00000000e1f00000,0x00000000e2400000)
 ParOldGen       total 84992K, used 4525K [0x00000000a0000000, 0x00000000a5300000, 0x00000000e0000000)
  object space 84992K, 5% used [0x00000000a0000000,0x00000000a046b450,0x00000000a5300000)
 Metaspace       used 18410K, capacity 18876K, committed 19072K, reserved 1064960K
  class space    used 2722K, capacity 2882K, committed 2944K, reserved 1048576K
Event: 9.732 GC heap after
Heap after GC invocations=5 (full 0):
 PSYoungGen      total 36864K, used 5112K [0x00000000e0000000, 0x00000000e5200000, 0x0000000100000000)
  eden space 31744K, 0% used [0x00000000e0000000,0x00000000e0000000,0x00000000e1f00000)
  from space 5120K, 99% used [0x00000000e1f00000,0x00000000e23fe040,0x00000000e2400000)
  to   space 10240K, 0% used [0x00000000e4800000,0x00000000e4800000,0x00000000e5200000)
 ParOldGen       total 84992K, used 8274K [0x00000000a0000000, 0x00000000a5300000, 0x00000000e0000000)
  object space 84992K, 9% used [0x00000000a0000000,0x00000000a0814970,0x00000000a5300000)
 Metaspace       used 18410K, capacity 18876K, committed 19072K, reserved 1064960K
  class space    used 2722K, capacity 2882K, committed 2944K, reserved 1048576K
}
Event: 10.673 GC heap before
{Heap before GC invocations=6 (full 0):
 PSYoungGen      total 36864K, used 23995K [0x00000000e0000000, 0x00000000e5200000, 0x0000000100000000)
  eden space 31744K, 59% used [0x00000000e0000000,0x00000000e1270d48,0x00000000e1f00000)
  from space 5120K, 99% used [0x00000000e1f00000,0x00000000e23fe040,0x00000000e2400000)
  to   space 10240K, 0% used [0x00000000e4800000,0x00000000e4800000,0x00000000e5200000)
 ParOldGen       total 84992K, used 8274K [0x00000000a0000000, 0x00000000a5300000, 0x00000000e0000000)
  object space 84992K, 9% used [0x00000000a0000000,0x00000000a0814970,0x00000000a5300000)
 Metaspace       used 20672K, capacity 21156K, committed 21296K, reserved 1067008K
  class space    used 2989K, capacity 3161K, committed 3200K, reserved 1048576K
Event: 10.693 GC heap after
Heap after GC invocations=6 (full 0):
 PSYoungGen      total 73728K, used 7728K [0x00000000e0000000, 0x00000000e5200000, 0x0000000100000000)
  eden space 63488K, 0% used [0x00000000e0000000,0x00000000e0000000,0x00000000e3e00000)
  from space 10240K, 75% used [0x00000000e4800000,0x00000000e4f8c0e0,0x00000000e5200000)
  to   space 10240K, 0% used [0x00000000e3e00000,0x00000000e3e00000,0x00000000e4800000)
 ParOldGen       total 84992K, used 8282K [0x00000000a0000000, 0x00000000a5300000, 0x00000000e0000000)
  object space 84992K, 9% used [0x00000000a0000000,0x00000000a0816970,0x00000000a5300000)
 Metaspace       used 20672K, capacity 21156K, committed 21296K, reserved 1067008K
  class space    used 2989K, capacity 3161K, committed 3200K, reserved 1048576K
}
Event: 10.693 GC heap before
{Heap before GC invocations=7 (full 1):
 PSYoungGen      total 73728K, used 7728K [0x00000000e0000000, 0x00000000e5200000, 0x0000000100000000)
  eden space 63488K, 0% used [0x00000000e0000000,0x00000000e0000000,0x00000000e3e00000)
  from space 10240K, 75% used [0x00000000e4800000,0x00000000e4f8c0e0,0x00000000e5200000)
  to   space 10240K, 0% used [0x00000000e3e00000,0x00000000e3e00000,0x00000000e4800000)
 ParOldGen       total 84992K, used 8282K [0x00000000a0000000, 0x00000000a5300000, 0x00000000e0000000)
  object space 84992K, 9% used [0x00000000a0000000,0x00000000a0816970,0x00000000a5300000)
 Metaspace       used 20672K, capacity 21156K, committed 21296K, reserved 1067008K
  class space    used 2989K, capacity 3161K, committed 3200K, reserved 1048576K
Event: 10.843 GC heap after
Heap after GC invocations=7 (full 1):
 PSYoungGen      total 73728K, used 0K [0x00000000e0000000, 0x00000000e5200000, 0x0000000100000000)
  eden space 63488K, 0% used [0x00000000e0000000,0x00000000e0000000,0x00000000e3e00000)
  from space 10240K, 0% used [0x00000000e4800000,0x00000000e4800000,0x00000000e5200000)
  to   space 10240K, 0% used [0x00000000e3e00000,0x00000000e3e00000,0x00000000e4800000)
 ParOldGen       total 60928K, used 8738K [0x00000000a0000000, 0x00000000a3b80000, 0x00000000e0000000)
  object space 60928K, 14% used [0x00000000a0000000,0x00000000a08888c0,0x00000000a3b80000)
 Metaspace       used 20672K, capacity 21156K, committed 21296K, reserved 1067008K
  class space    used 2989K, capacity 3161K, committed 3200K, reserved 1048576K
}
Event: 13.105 GC heap before
{Heap before GC invocations=8 (full 1):
 PSYoungGen      total 73728K, used 63488K [0x00000000e0000000, 0x00000000e5200000, 0x0000000100000000)
  eden space 63488K, 100% used [0x00000000e0000000,0x00000000e3e00000,0x00000000e3e00000)
  from space 10240K, 0% used [0x00000000e4800000,0x00000000e4800000,0x00000000e5200000)
  to   space 10240K, 0% used [0x00000000e3e00000,0x00000000e3e00000,0x00000000e4800000)
 ParOldGen       total 60928K, used 8738K [0x00000000a0000000, 0x00000000a3b80000, 0x00000000e0000000)
  object space 60928K, 14% used [0x00000000a0000000,0x00000000a08888c0,0x00000000a3b80000)
 Metaspace       used 27869K, capacity 28454K, committed 28800K, reserved 1073152K
  class space    used 3900K, capacity 4098K, committed 4224K, reserved 1048576K
Event: 13.134 GC heap after
Heap after GC invocations=8 (full 1):
 PSYoungGen      total 73728K, used 7113K [0x00000000e0000000, 0x00000000e7180000, 0x0000000100000000)
  eden space 63488K, 0% used [0x00000000e0000000,0x00000000e0000000,0x00000000e3e00000)
  from space 10240K, 69% used [0x00000000e3e00000,0x00000000e44f2688,0x00000000e4800000)
  to   space 10240K, 0% used [0x00000000e6780000,0x00000000e6780000,0x00000000e7180000)
 ParOldGen       total 60928K, used 8746K [0x00000000a0000000, 0x00000000a3b80000, 0x00000000e0000000)
  object space 60928K, 14% used [0x00000000a0000000,0x00000000a088a8c0,0x00000000a3b80000)
 Metaspace       used 27869K, capacity 28454K, committed 28800K, reserved 1073152K
  class space    used 3900K, capacity 4098K, committed 4224K, reserved 1048576K
}

