# JRE version: Java(TM) SE Runtime Environment (8.0_191-b12) (build 1.8.0_191-b12)
# Java VM: Java HotSpot(TM) 64-Bit Server VM (25.191-b12 mixed mode windows-amd64 compressed oops)
Heap:
 PSYoungGen      total 200192K, used 180741K [0x00000000e0000000, 0x00000000eda80000, 0x0000000100000000)
  eden space 185344K, 89% used [0x00000000e0000000,0x00000000ea243a80,0x00000000eb500000)
  from space 14848K, 99% used [0x00000000eb500000,0x00000000ec37d338,0x00000000ec380000)
  to   space 14848K, 0% used [0x00000000ec380000,0x00000000ec380000,0x00000000ed200000)
 ParOldGen       total 117248K, used 28463K [0x00000000a0000000, 0x00000000a7280000, 0x00000000e0000000)
  object space 117248K, 24% used [0x00000000a0000000,0x00000000a1bcbf30,0x00000000a7280000)
 Metaspace       used 70332K, capacity 72750K, committed 72832K, reserved 1112064K
  class space    used 9577K, capacity 10088K, committed 10112K, reserved 1048576K
GC Heap History (10 events):
Event: 21.407 GC heap before
{Heap before GC invocations=12 (full 2):
 PSYoungGen      total 114176K, used 103424K [0x00000000e0000000, 0x00000000ea280000, 0x0000000100000000)
  eden space 103424K, 100% used [0x00000000e0000000,0x00000000e6500000,0x00000000e6500000)
  from space 10752K, 0% used [0x00000000e6500000,0x00000000e6500000,0x00000000e6f80000)
  to   space 11776K, 0% used [0x00000000e9700000,0x00000000e9700000,0x00000000ea280000)
 ParOldGen       total 82944K, used 17135K [0x00000000a0000000, 0x00000000a5100000, 0x00000000e0000000)
  object space 82944K, 20% used [0x00000000a0000000,0x00000000a10bbc58,0x00000000a5100000)
 Metaspace       used 44560K, capacity 45572K, committed 45696K, reserved 1089536K
  class space    used 6148K, capacity 6441K, committed 6528K, reserved 1048576K
Event: 21.470 GC heap after
Heap after GC invocations=12 (full 2):
 PSYoungGen      total 151040K, used 11762K [0x00000000e0000000, 0x00000000ea300000, 0x0000000100000000)
  eden space 139264K, 0% used [0x00000000e0000000,0x00000000e0000000,0x00000000e8800000)
  from space 11776K, 99% used [0x00000000e9700000,0x00000000ea27cac0,0x00000000ea280000)
  to   space 13824K, 0% used [0x00000000e8800000,0x00000000e8800000,0x00000000e9580000)
 ParOldGen       total 82944K, used 19132K [0x00000000a0000000, 0x00000000a5100000, 0x00000000e0000000)
  object space 82944K, 23% used [0x00000000a0000000,0x00000000a12af1f0,0x00000000a5100000)
 Metaspace       used 44560K, capacity 45572K, committed 45696K, reserved 1089536K
  class space    used 6148K, capacity 6441K, committed 6528K, reserved 1048576K
}
Event: 28.482 GC heap before
{Heap before GC invocations=13 (full 2):
 PSYoungGen      total 151040K, used 151026K [0x00000000e0000000, 0x00000000ea300000, 0x0000000100000000)
  eden space 139264K, 100% used [0x00000000e0000000,0x00000000e8800000,0x00000000e8800000)
  from space 11776K, 99% used [0x00000000e9700000,0x00000000ea27cac0,0x00000000ea280000)
  to   space 13824K, 0% used [0x00000000e8800000,0x00000000e8800000,0x00000000e9580000)
 ParOldGen       total 82944K, used 19132K [0x00000000a0000000, 0x00000000a5100000, 0x00000000e0000000)
  object space 82944K, 23% used [0x00000000a0000000,0x00000000a12af1f0,0x00000000a5100000)
 Metaspace       used 55521K, capacity 56920K, committed 57216K, reserved 1097728K
  class space    used 7631K, capacity 7985K, committed 8064K, reserved 1048576K
Event: 28.556 GC heap after
Heap after GC invocations=13 (full 2):
 PSYoungGen      total 153088K, used 12511K [0x00000000e0000000, 0x00000000ed200000, 0x0000000100000000)
  eden space 139264K, 0% used [0x00000000e0000000,0x00000000e0000000,0x00000000e8800000)
  from space 13824K, 90% used [0x00000000e8800000,0x00000000e9437f60,0x00000000e9580000)
  to   space 14848K, 0% used [0x00000000ec380000,0x00000000ec380000,0x00000000ed200000)
 ParOldGen       total 82944K, used 26088K [0x00000000a0000000, 0x00000000a5100000, 0x00000000e0000000)
  object space 82944K, 31% used [0x00000000a0000000,0x00000000a197a008,0x00000000a5100000)
 Metaspace       used 55521K, capacity 56920K, committed 57216K, reserved 1097728K
  class space    used 7631K, capacity 7985K, committed 8064K, reserved 1048576K
}
Event: 29.585 GC heap before
{Heap before GC invocations=14 (full 2):
 PSYoungGen      total 153088K, used 36452K [0x00000000e0000000, 0x00000000ed200000, 0x0000000100000000)
  eden space 139264K, 17% used [0x00000000e0000000,0x00000000e17611c0,0x00000000e8800000)
  from space 13824K, 90% used [0x00000000e8800000,0x00000000e9437f60,0x00000000e9580000)
  to   space 14848K, 0% used [0x00000000ec380000,0x00000000ec380000,0x00000000ed200000)
 ParOldGen       total 82944K, used 26088K [0x00000000a0000000, 0x00000000a5100000, 0x00000000e0000000)
  object space 82944K, 31% used [0x00000000a0000000,0x00000000a197a008,0x00000000a5100000)
 Metaspace       used 57461K, capacity 58984K, committed 59136K, reserved 1099776K
  class space    used 7928K, capacity 8321K, committed 8448K, reserved 1048576K
Event: 29.636 GC heap after
Heap after GC invocations=14 (full 2):
 PSYoungGen      total 200192K, used 2834K [0x00000000e0000000, 0x00000000eda80000, 0x0000000100000000)
  eden space 185344K, 0% used [0x00000000e0000000,0x00000000e0000000,0x00000000eb500000)
  from space 14848K, 19% used [0x00000000ec380000,0x00000000ec6448b0,0x00000000ed200000)
  to   space 14848K, 0% used [0x00000000eb500000,0x00000000eb500000,0x00000000ec380000)
 ParOldGen       total 82944K, used 29880K [0x00000000a0000000, 0x00000000a5100000, 0x00000000e0000000)
  object space 82944K, 36% used [0x00000000a0000000,0x00000000a1d2e098,0x00000000a5100000)
 Metaspace       used 57461K, capacity 58984K, committed 59136K, reserved 1099776K
  class space    used 7928K, capacity 8321K, committed 8448K, reserved 1048576K
}
Event: 29.636 GC heap before
{Heap before GC invocations=15 (full 3):
 PSYoungGen      total 200192K, used 2834K [0x00000000e0000000, 0x00000000eda80000, 0x0000000100000000)
  eden space 185344K, 0% used [0x00000000e0000000,0x00000000e0000000,0x00000000eb500000)
  from space 14848K, 19% used [0x00000000ec380000,0x00000000ec6448b0,0x00000000ed200000)
  to   space 14848K, 0% used [0x00000000eb500000,0x00000000eb500000,0x00000000ec380000)
 ParOldGen       total 82944K, used 29880K [0x00000000a0000000, 0x00000000a5100000, 0x00000000e0000000)
  object space 82944K, 36% used [0x00000000a0000000,0x00000000a1d2e098,0x00000000a5100000)
 Metaspace       used 57461K, capacity 58984K, committed 59136K, reserved 1099776K
  class space    used 7928K, capacity 8321K, committed 8448K, reserved 1048576K
Event: 30.547 GC heap after
Heap after GC invocations=15 (full 3):
 PSYoungGen      total 200192K, used 0K [0x00000000e0000000, 0x00000000eda80000, 0x0000000100000000)
  eden space 185344K, 0% used [0x00000000e0000000,0x00000000e0000000,0x00000000eb500000)
  from space 14848K, 0% used [0x00000000ec380000,0x00000000ec380000,0x00000000ed200000)
  to   space 14848K, 0% used [0x00000000eb500000,0x00000000eb500000,0x00000000ec380000)
 ParOldGen       total 117248K, used 27649K [0x00000000a0000000, 0x00000000a7280000, 0x00000000e0000000)
  object space 117248K, 23% used [0x00000000a0000000,0x00000000a1b00470,0x00000000a7280000)
 Metaspace       used 57461K, capacity 58984K, committed 59136K, reserved 1099776K
  class space    used 7928K, capacity 8321K, committed 8448K, reserved 1048576K
}
Event: 67.964 GC heap before
{Heap before GC invocations=16 (full 3):
 PSYoungGen      total 200192K, used 185344K [0x00000000e0000000, 0x00000000eda80000, 0x0000000100000000)
  eden space 185344K, 100% used [0x00000000e0000000,0x00000000eb500000,0x00000000eb500000)
  from space 14848K, 0% used [0x00000000ec380000,0x00000000ec380000,0x00000000ed200000)
  to   space 14848K, 0% used [0x00000000eb500000,0x00000000eb500000,0x00000000ec380000)
 ParOldGen       total 117248K, used 27649K [0x00000000a0000000, 0x00000000a7280000, 0x00000000e0000000)
  object space 117248K, 23% used [0x00000000a0000000,0x00000000a1b00470,0x00000000a7280000)
 Metaspace       used 62456K, capacity 64428K, committed 64640K, reserved 1105920K
  class space    used 8622K, capacity 9039K, committed 9088K, reserved 1048576K
Event: 68.023 GC heap after
Heap after GC invocations=16 (full 3):
 PSYoungGen      total 200192K, used 14836K [0x00000000e0000000, 0x00000000eda80000, 0x0000000100000000)
  eden space 185344K, 0% used [0x00000000e0000000,0x00000000e0000000,0x00000000eb500000)
  from space 14848K, 99% used [0x00000000eb500000,0x00000000ec37d338,0x00000000ec380000)
  to   space 14848K, 0% used [0x00000000ec380000,0x00000000ec380000,0x00000000ed200000)
 ParOldGen       total 117248K, used 28463K [0x00000000a0000000, 0x00000000a7280000, 0x00000000e0000000)
  object space 117248K, 24% used [0x00000000a0000000,0x00000000a1bcbf30,0x00000000a7280000)
 Metaspace       used 62456K, capacity 64428K, committed 64640K, reserved 1105920K
  class space    used 8622K, capacity 9039K, committed 9088K, reserved 1048576K
}

