# JRE version: Java(TM) SE Runtime Environment (8.0_191-b12) (build 1.8.0_191-b12)
# Java VM: Java HotSpot(TM) 64-Bit Server VM (25.191-b12 mixed mode windows-amd64 compressed oops)
Heap:
 PSYoungGen      total 217600K, used 35127K [0x00000000e0000000, 0x00000000ef780000, 0x0000000100000000)
  eden space 201728K, 9% used [0x00000000e0000000,0x00000000e12cf1c0,0x00000000ec500000)
  from space 15872K, 99% used [0x00000000edb80000,0x00000000eeafec80,0x00000000eeb00000)
  to   space 23040K, 0% used [0x00000000ec500000,0x00000000ec500000,0x00000000edb80000)
 ParOldGen       total 119296K, used 41202K [0x00000000a0000000, 0x00000000a7480000, 0x00000000e0000000)
  object space 119296K, 34% used [0x00000000a0000000,0x00000000a283ca00,0x00000000a7480000)
 Metaspace       used 75759K, capacity 78238K, committed 78464K, reserved 1116160K
  class space    used 10343K, capacity 10864K, committed 10880K, reserved 1048576K
GC Heap History (10 events):
Event: 29.724 GC heap before
{Heap before GC invocations=13 (full 2):
 PSYoungGen      total 147968K, used 147955K [0x00000000e0000000, 0x00000000ea880000, 0x0000000100000000)
  eden space 136192K, 100% used [0x00000000e0000000,0x00000000e8500000,0x00000000e8500000)
  from space 11776K, 99% used [0x00000000e9d00000,0x00000000ea87cf80,0x00000000ea880000)
  to   space 13824K, 0% used [0x00000000e8d80000,0x00000000e8d80000,0x00000000e9b00000)
 ParOldGen       total 82944K, used 19322K [0x00000000a0000000, 0x00000000a5100000, 0x00000000e0000000)
  object space 82944K, 23% used [0x00000000a0000000,0x00000000a12de888,0x00000000a5100000)
 Metaspace       used 55561K, capacity 56952K, committed 57216K, reserved 1097728K
  class space    used 7634K, capacity 8027K, committed 8064K, reserved 1048576K
Event: 29.804 GC heap after
Heap after GC invocations=13 (full 2):
 PSYoungGen      total 158720K, used 12394K [0x00000000e0000000, 0x00000000ec880000, 0x0000000100000000)
  eden space 144896K, 0% used [0x00000000e0000000,0x00000000e0000000,0x00000000e8d80000)
  from space 13824K, 89% used [0x00000000e8d80000,0x00000000e999a848,0x00000000e9b00000)
  to   space 14848K, 0% used [0x00000000eba00000,0x00000000eba00000,0x00000000ec880000)
 ParOldGen       total 82944K, used 26362K [0x00000000a0000000, 0x00000000a5100000, 0x00000000e0000000)
  object space 82944K, 31% used [0x00000000a0000000,0x00000000a19be930,0x00000000a5100000)
 Metaspace       used 55561K, capacity 56952K, committed 57216K, reserved 1097728K
  class space    used 7634K, capacity 8027K, committed 8064K, reserved 1048576K
}
Event: 31.013 GC heap before
{Heap before GC invocations=14 (full 2):
 PSYoungGen      total 158720K, used 37219K [0x00000000e0000000, 0x00000000ec880000, 0x0000000100000000)
  eden space 144896K, 17% used [0x00000000e0000000,0x00000000e183e4c8,0x00000000e8d80000)
  from space 13824K, 89% used [0x00000000e8d80000,0x00000000e999a848,0x00000000e9b00000)
  to   space 14848K, 0% used [0x00000000eba00000,0x00000000eba00000,0x00000000ec880000)
 ParOldGen       total 82944K, used 26362K [0x00000000a0000000, 0x00000000a5100000, 0x00000000e0000000)
  object space 82944K, 31% used [0x00000000a0000000,0x00000000a19be930,0x00000000a5100000)
 Metaspace       used 57531K, capacity 58994K, committed 59136K, reserved 1099776K
  class space    used 7938K, capacity 8332K, committed 8448K, reserved 1048576K
Event: 31.057 GC heap after
Heap after GC invocations=14 (full 2):
 PSYoungGen      total 190464K, used 2927K [0x00000000e0000000, 0x00000000ed980000, 0x0000000100000000)
  eden space 175616K, 0% used [0x00000000e0000000,0x00000000e0000000,0x00000000eab80000)
  from space 14848K, 19% used [0x00000000eba00000,0x00000000ebcdbd40,0x00000000ec880000)
  to   space 14848K, 0% used [0x00000000eab80000,0x00000000eab80000,0x00000000eba00000)
 ParOldGen       total 82944K, used 30197K [0x00000000a0000000, 0x00000000a5100000, 0x00000000e0000000)
  object space 82944K, 36% used [0x00000000a0000000,0x00000000a1d7d600,0x00000000a5100000)
 Metaspace       used 57531K, capacity 58994K, committed 59136K, reserved 1099776K
  class space    used 7938K, capacity 8332K, committed 8448K, reserved 1048576K
}
Event: 31.057 GC heap before
{Heap before GC invocations=15 (full 3):
 PSYoungGen      total 190464K, used 2927K [0x00000000e0000000, 0x00000000ed980000, 0x0000000100000000)
  eden space 175616K, 0% used [0x00000000e0000000,0x00000000e0000000,0x00000000eab80000)
  from space 14848K, 19% used [0x00000000eba00000,0x00000000ebcdbd40,0x00000000ec880000)
  to   space 14848K, 0% used [0x00000000eab80000,0x00000000eab80000,0x00000000eba00000)
 ParOldGen       total 82944K, used 30197K [0x00000000a0000000, 0x00000000a5100000, 0x00000000e0000000)
  object space 82944K, 36% used [0x00000000a0000000,0x00000000a1d7d600,0x00000000a5100000)
 Metaspace       used 57531K, capacity 58994K, committed 59136K, reserved 1099776K
  class space    used 7938K, capacity 8332K, committed 8448K, reserved 1048576K
Event: 31.971 GC heap after
Heap after GC invocations=15 (full 3):
 PSYoungGen      total 190464K, used 0K [0x00000000e0000000, 0x00000000ed980000, 0x0000000100000000)
  eden space 175616K, 0% used [0x00000000e0000000,0x00000000e0000000,0x00000000eab80000)
  from space 14848K, 0% used [0x00000000eba00000,0x00000000eba00000,0x00000000ec880000)
  to   space 14848K, 0% used [0x00000000eab80000,0x00000000eab80000,0x00000000eba00000)
 ParOldGen       total 119296K, used 27737K [0x00000000a0000000, 0x00000000a7480000, 0x00000000e0000000)
  object space 119296K, 23% used [0x00000000a0000000,0x00000000a1b166e8,0x00000000a7480000)
 Metaspace       used 57531K, capacity 58994K, committed 59136K, reserved 1099776K
  class space    used 7938K, capacity 8332K, committed 8448K, reserved 1048576K
}
Event: 69.805 GC heap before
{Heap before GC invocations=16 (full 3):
 PSYoungGen      total 190464K, used 175616K [0x00000000e0000000, 0x00000000ed980000, 0x0000000100000000)
  eden space 175616K, 100% used [0x00000000e0000000,0x00000000eab80000,0x00000000eab80000)
  from space 14848K, 0% used [0x00000000eba00000,0x00000000eba00000,0x00000000ec880000)
  to   space 14848K, 0% used [0x00000000eab80000,0x00000000eab80000,0x00000000eba00000)
 ParOldGen       total 119296K, used 27737K [0x00000000a0000000, 0x00000000a7480000, 0x00000000e0000000)
  object space 119296K, 23% used [0x00000000a0000000,0x00000000a1b166e8,0x00000000a7480000)
 Metaspace       used 63233K, capacity 65380K, committed 65536K, reserved 1105920K
  class space    used 8711K, capacity 9203K, committed 9216K, reserved 1048576K
Event: 69.856 GC heap after
Heap after GC invocations=16 (full 3):
 PSYoungGen      total 190464K, used 12057K [0x00000000e0000000, 0x00000000eeb00000, 0x0000000100000000)
  eden space 175616K, 0% used [0x00000000e0000000,0x00000000e0000000,0x00000000eab80000)
  from space 14848K, 81% used [0x00000000eab80000,0x00000000eb746540,0x00000000eba00000)
  to   space 15872K, 0% used [0x00000000edb80000,0x00000000edb80000,0x00000000eeb00000)
 ParOldGen       total 119296K, used 27745K [0x00000000a0000000, 0x00000000a7480000, 0x00000000e0000000)
  object space 119296K, 23% used [0x00000000a0000000,0x00000000a1b186e8,0x00000000a7480000)
 Metaspace       used 63233K, capacity 65380K, committed 65536K, reserved 1105920K
  class space    used 8711K, capacity 9203K, committed 9216K, reserved 1048576K
}
Event: 81.326 GC heap before
{Heap before GC invocations=17 (full 3):
 PSYoungGen      total 190464K, used 187673K [0x00000000e0000000, 0x00000000eeb00000, 0x0000000100000000)
  eden space 175616K, 100% used [0x00000000e0000000,0x00000000eab80000,0x00000000eab80000)
  from space 14848K, 81% used [0x00000000eab80000,0x00000000eb746540,0x00000000eba00000)
  to   space 15872K, 0% used [0x00000000edb80000,0x00000000edb80000,0x00000000eeb00000)
 ParOldGen       total 119296K, used 27745K [0x00000000a0000000, 0x00000000a7480000, 0x00000000e0000000)
  object space 119296K, 23% used [0x00000000a0000000,0x00000000a1b186e8,0x00000000a7480000)
 Metaspace       used 72722K, capacity 74972K, committed 75136K, reserved 1114112K
  class space    used 9877K, capacity 10363K, committed 10368K, reserved 1048576K
Event: 81.447 GC heap after
Heap after GC invocations=17 (full 3):
 PSYoungGen      total 217600K, used 15867K [0x00000000e0000000, 0x00000000ef780000, 0x0000000100000000)
  eden space 201728K, 0% used [0x00000000e0000000,0x00000000e0000000,0x00000000ec500000)
  from space 15872K, 99% used [0x00000000edb80000,0x00000000eeafec80,0x00000000eeb00000)
  to   space 23040K, 0% used [0x00000000ec500000,0x00000000ec500000,0x00000000edb80000)
 ParOldGen       total 119296K, used 41202K [0x00000000a0000000, 0x00000000a7480000, 0x00000000e0000000)
  object space 119296K, 34% used [0x00000000a0000000,0x00000000a283ca00,0x00000000a7480000)
 Metaspace       used 72722K, capacity 74972K, committed 75136K, reserved 1114112K
  class space    used 9877K, capacity 10363K, committed 10368K, reserved 1048576K
}

