# JRE version: Java(TM) SE Runtime Environment (8.0_191-b12) (build 1.8.0_191-b12)
# Java VM: Java HotSpot(TM) 64-Bit Server VM (25.191-b12 mixed mode windows-amd64 compressed oops)
Heap:
 PSYoungGen      total 167424K, used 27830K [0x00000000e0000000, 0x00000000ec280000, 0x0000000100000000)
  eden space 153088K, 18% used [0x00000000e0000000,0x00000000e1b2d8b8,0x00000000e9580000)
  from space 14336K, 0% used [0x00000000ea380000,0x00000000ea380000,0x00000000eb180000)
  to   space 14336K, 0% used [0x00000000e9580000,0x00000000e9580000,0x00000000ea380000)
 ParOldGen       total 91136K, used 28609K [0x00000000a0000000, 0x00000000a5900000, 0x00000000e0000000)
  object space 91136K, 31% used [0x00000000a0000000,0x00000000a1bf04c8,0x00000000a5900000)
 Metaspace       used 59623K, capacity 61082K, committed 61312K, reserved 1101824K
  class space    used 8125K, capacity 8480K, committed 8576K, reserved 1048576K
GC Heap History (10 events):
Event: 15.965 GC heap before
{Heap before GC invocations=11 (full 2):
 PSYoungGen      total 111616K, used 10478K [0x00000000e0000000, 0x00000000e9d80000, 0x0000000100000000)
  eden space 100864K, 0% used [0x00000000e0000000,0x00000000e0000000,0x00000000e6280000)
  from space 10752K, 97% used [0x00000000e6280000,0x00000000e6cbbbd0,0x00000000e6d00000)
  to   space 11776K, 0% used [0x00000000e9200000,0x00000000e9200000,0x00000000e9d80000)
 ParOldGen       total 56832K, used 8764K [0x00000000a0000000, 0x00000000a3780000, 0x00000000e0000000)
  object space 56832K, 15% used [0x00000000a0000000,0x00000000a088f138,0x00000000a3780000)
 Metaspace       used 34714K, capacity 35464K, committed 35496K, reserved 1079296K
  class space    used 4913K, capacity 5111K, committed 5120K, reserved 1048576K
Event: 16.119 GC heap after
Heap after GC invocations=11 (full 2):
 PSYoungGen      total 111616K, used 0K [0x00000000e0000000, 0x00000000e9d80000, 0x0000000100000000)
  eden space 100864K, 0% used [0x00000000e0000000,0x00000000e0000000,0x00000000e6280000)
  from space 10752K, 0% used [0x00000000e6280000,0x00000000e6280000,0x00000000e6d00000)
  to   space 11776K, 0% used [0x00000000e9200000,0x00000000e9200000,0x00000000e9d80000)
 ParOldGen       total 91136K, used 17524K [0x00000000a0000000, 0x00000000a5900000, 0x00000000e0000000)
  object space 91136K, 19% used [0x00000000a0000000,0x00000000a111d2d8,0x00000000a5900000)
 Metaspace       used 34680K, capacity 35350K, committed 35496K, reserved 1079296K
  class space    used 4903K, capacity 5092K, committed 5120K, reserved 1048576K
}
Event: 20.671 GC heap before
{Heap before GC invocations=12 (full 2):
 PSYoungGen      total 111616K, used 100803K [0x00000000e0000000, 0x00000000e9d80000, 0x0000000100000000)
  eden space 100864K, 99% used [0x00000000e0000000,0x00000000e6270db8,0x00000000e6280000)
  from space 10752K, 0% used [0x00000000e6280000,0x00000000e6280000,0x00000000e6d00000)
  to   space 11776K, 0% used [0x00000000e9200000,0x00000000e9200000,0x00000000e9d80000)
 ParOldGen       total 91136K, used 17524K [0x00000000a0000000, 0x00000000a5900000, 0x00000000e0000000)
  object space 91136K, 19% used [0x00000000a0000000,0x00000000a111d2d8,0x00000000a5900000)
 Metaspace       used 46250K, capacity 47306K, committed 47616K, reserved 1089536K
  class space    used 6300K, capacity 6567K, committed 6656K, reserved 1048576K
Event: 20.709 GC heap after
Heap after GC invocations=12 (full 2):
 PSYoungGen      total 137216K, used 11755K [0x00000000e0000000, 0x00000000e9d80000, 0x0000000100000000)
  eden space 125440K, 0% used [0x00000000e0000000,0x00000000e0000000,0x00000000e7a80000)
  from space 11776K, 99% used [0x00000000e9200000,0x00000000e9d7acb0,0x00000000e9d80000)
  to   space 14336K, 0% used [0x00000000e8180000,0x00000000e8180000,0x00000000e8f80000)
 ParOldGen       total 91136K, used 20557K [0x00000000a0000000, 0x00000000a5900000, 0x00000000e0000000)
  object space 91136K, 22% used [0x00000000a0000000,0x00000000a1413608,0x00000000a5900000)
 Metaspace       used 46250K, capacity 47306K, committed 47616K, reserved 1089536K
  class space    used 6300K, capacity 6567K, committed 6656K, reserved 1048576K
}
Event: 27.281 GC heap before
{Heap before GC invocations=13 (full 2):
 PSYoungGen      total 137216K, used 137195K [0x00000000e0000000, 0x00000000e9d80000, 0x0000000100000000)
  eden space 125440K, 100% used [0x00000000e0000000,0x00000000e7a80000,0x00000000e7a80000)
  from space 11776K, 99% used [0x00000000e9200000,0x00000000e9d7acb0,0x00000000e9d80000)
  to   space 14336K, 0% used [0x00000000e8180000,0x00000000e8180000,0x00000000e8f80000)
 ParOldGen       total 91136K, used 20557K [0x00000000a0000000, 0x00000000a5900000, 0x00000000e0000000)
  object space 91136K, 22% used [0x00000000a0000000,0x00000000a1413608,0x00000000a5900000)
 Metaspace       used 55453K, capacity 56884K, committed 57088K, reserved 1097728K
  class space    used 7511K, capacity 7853K, committed 7936K, reserved 1048576K
Event: 27.316 GC heap after
Heap after GC invocations=13 (full 2):
 PSYoungGen      total 146944K, used 10647K [0x00000000e0000000, 0x00000000eb180000, 0x0000000100000000)
  eden space 132608K, 0% used [0x00000000e0000000,0x00000000e0000000,0x00000000e8180000)
  from space 14336K, 74% used [0x00000000e8180000,0x00000000e8be5f48,0x00000000e8f80000)
  to   space 14336K, 0% used [0x00000000ea380000,0x00000000ea380000,0x00000000eb180000)
 ParOldGen       total 91136K, used 26821K [0x00000000a0000000, 0x00000000a5900000, 0x00000000e0000000)
  object space 91136K, 29% used [0x00000000a0000000,0x00000000a1a31520,0x00000000a5900000)
 Metaspace       used 55453K, capacity 56884K, committed 57088K, reserved 1097728K
  class space    used 7511K, capacity 7853K, committed 7936K, reserved 1048576K
}
Event: 28.137 GC heap before
{Heap before GC invocations=14 (full 2):
 PSYoungGen      total 146944K, used 40944K [0x00000000e0000000, 0x00000000eb180000, 0x0000000100000000)
  eden space 132608K, 22% used [0x00000000e0000000,0x00000000e1d96170,0x00000000e8180000)
  from space 14336K, 74% used [0x00000000e8180000,0x00000000e8be5f48,0x00000000e8f80000)
  to   space 14336K, 0% used [0x00000000ea380000,0x00000000ea380000,0x00000000eb180000)
 ParOldGen       total 91136K, used 26821K [0x00000000a0000000, 0x00000000a5900000, 0x00000000e0000000)
  object space 91136K, 29% used [0x00000000a0000000,0x00000000a1a31520,0x00000000a5900000)
 Metaspace       used 57622K, capacity 59098K, committed 59136K, reserved 1099776K
  class space    used 7817K, capacity 8172K, committed 8192K, reserved 1048576K
Event: 28.164 GC heap after
Heap after GC invocations=14 (full 2):
 PSYoungGen      total 167424K, used 7847K [0x00000000e0000000, 0x00000000ec280000, 0x0000000100000000)
  eden space 153088K, 0% used [0x00000000e0000000,0x00000000e0000000,0x00000000e9580000)
  from space 14336K, 54% used [0x00000000ea380000,0x00000000eab29f58,0x00000000eb180000)
  to   space 14336K, 0% used [0x00000000e9580000,0x00000000e9580000,0x00000000ea380000)
 ParOldGen       total 91136K, used 26829K [0x00000000a0000000, 0x00000000a5900000, 0x00000000e0000000)
  object space 91136K, 29% used [0x00000000a0000000,0x00000000a1a33520,0x00000000a5900000)
 Metaspace       used 57622K, capacity 59098K, committed 59136K, reserved 1099776K
  class space    used 7817K, capacity 8172K, committed 8192K, reserved 1048576K
}
Event: 28.164 GC heap before
{Heap before GC invocations=15 (full 3):
 PSYoungGen      total 167424K, used 7847K [0x00000000e0000000, 0x00000000ec280000, 0x0000000100000000)
  eden space 153088K, 0% used [0x00000000e0000000,0x00000000e0000000,0x00000000e9580000)
  from space 14336K, 54% used [0x00000000ea380000,0x00000000eab29f58,0x00000000eb180000)
  to   space 14336K, 0% used [0x00000000e9580000,0x00000000e9580000,0x00000000ea380000)
 ParOldGen       total 91136K, used 26829K [0x00000000a0000000, 0x00000000a5900000, 0x00000000e0000000)
  object space 91136K, 29% used [0x00000000a0000000,0x00000000a1a33520,0x00000000a5900000)
 Metaspace       used 57622K, capacity 59098K, committed 59136K, reserved 1099776K
  class space    used 7817K, capacity 8172K, committed 8192K, reserved 1048576K
Event: 29.020 GC heap after
Heap after GC invocations=15 (full 3):
 PSYoungGen      total 167424K, used 0K [0x00000000e0000000, 0x00000000ec280000, 0x0000000100000000)
  eden space 153088K, 0% used [0x00000000e0000000,0x00000000e0000000,0x00000000e9580000)
  from space 14336K, 0% used [0x00000000ea380000,0x00000000ea380000,0x00000000eb180000)
  to   space 14336K, 0% used [0x00000000e9580000,0x00000000e9580000,0x00000000ea380000)
 ParOldGen       total 91136K, used 28609K [0x00000000a0000000, 0x00000000a5900000, 0x00000000e0000000)
  object space 91136K, 31% used [0x00000000a0000000,0x00000000a1bf04c8,0x00000000a5900000)
 Metaspace       used 57597K, capacity 59010K, committed 59136K, reserved 1099776K
  class space    used 7810K, capacity 8164K, committed 8192K, reserved 1048576K
}

