# JRE version: Java(TM) SE Runtime Environment (8.0_191-b12) (build 1.8.0_191-b12)
# Java VM: Java HotSpot(TM) 64-Bit Server VM (25.191-b12 mixed mode windows-amd64 compressed oops)
Heap:
 PSYoungGen      total 107008K, used 74485K [0x00000000e0000000, 0x00000000e9280000, 0x0000000100000000)
  eden space 96256K, 77% used [0x00000000e0000000,0x00000000e48bd4c8,0x00000000e5e00000)
  from space 10752K, 0% used [0x00000000e5e00000,0x00000000e5e00000,0x00000000e6880000)
  to   space 11264K, 0% used [0x00000000e8780000,0x00000000e8780000,0x00000000e9280000)
 ParOldGen       total 58880K, used 16996K [0x00000000a0000000, 0x00000000a3980000, 0x00000000e0000000)
  object space 58880K, 28% used [0x00000000a0000000,0x00000000a10991f8,0x00000000a3980000)
 Metaspace       used 43655K, capacity 44484K, committed 44928K, reserved 1087488K
  class space    used 5981K, capacity 6230K, committed 6272K, reserved 1048576K
GC Heap History (10 events):
Event: 9.821 GC heap before
{Heap before GC invocations=7 (full 1):
 PSYoungGen      total 73728K, used 7668K [0x00000000e0000000, 0x00000000e5200000, 0x0000000100000000)
  eden space 63488K, 0% used [0x00000000e0000000,0x00000000e0000000,0x00000000e3e00000)
  from space 10240K, 74% used [0x00000000e4800000,0x00000000e4f7d190,0x00000000e5200000)
  to   space 10240K, 0% used [0x00000000e3e00000,0x00000000e3e00000,0x00000000e4800000)
 ParOldGen       total 84992K, used 8160K [0x00000000a0000000, 0x00000000a5300000, 0x00000000e0000000)
  object space 84992K, 9% used [0x00000000a0000000,0x00000000a07f8238,0x00000000a5300000)
 Metaspace       used 20644K, capacity 21036K, committed 21296K, reserved 1067008K
  class space    used 2937K, capacity 3098K, committed 3200K, reserved 1048576K
Event: 9.925 GC heap after
Heap after GC invocations=7 (full 1):
 PSYoungGen      total 73728K, used 0K [0x00000000e0000000, 0x00000000e5200000, 0x0000000100000000)
  eden space 63488K, 0% used [0x00000000e0000000,0x00000000e0000000,0x00000000e3e00000)
  from space 10240K, 0% used [0x00000000e4800000,0x00000000e4800000,0x00000000e5200000)
  to   space 10240K, 0% used [0x00000000e3e00000,0x00000000e3e00000,0x00000000e4800000)
 ParOldGen       total 58880K, used 8525K [0x00000000a0000000, 0x00000000a3980000, 0x00000000e0000000)
  object space 58880K, 14% used [0x00000000a0000000,0x00000000a0853598,0x00000000a3980000)
 Metaspace       used 20644K, capacity 21036K, committed 21296K, reserved 1067008K
  class space    used 2937K, capacity 3098K, committed 3200K, reserved 1048576K
}
Event: 12.511 GC heap before
{Heap before GC invocations=8 (full 1):
 PSYoungGen      total 73728K, used 63488K [0x00000000e0000000, 0x00000000e5200000, 0x0000000100000000)
  eden space 63488K, 100% used [0x00000000e0000000,0x00000000e3e00000,0x00000000e3e00000)
  from space 10240K, 0% used [0x00000000e4800000,0x00000000e4800000,0x00000000e5200000)
  to   space 10240K, 0% used [0x00000000e3e00000,0x00000000e3e00000,0x00000000e4800000)
 ParOldGen       total 58880K, used 8525K [0x00000000a0000000, 0x00000000a3980000, 0x00000000e0000000)
  object space 58880K, 14% used [0x00000000a0000000,0x00000000a0853598,0x00000000a3980000)
 Metaspace       used 28260K, capacity 28704K, committed 28928K, reserved 1075200K
  class space    used 3885K, capacity 4045K, committed 4096K, reserved 1048576K
Event: 12.522 GC heap after
Heap after GC invocations=8 (full 1):
 PSYoungGen      total 73728K, used 7412K [0x00000000e0000000, 0x00000000e7280000, 0x0000000100000000)
  eden space 63488K, 0% used [0x00000000e0000000,0x00000000e0000000,0x00000000e3e00000)
  from space 10240K, 72% used [0x00000000e3e00000,0x00000000e453d130,0x00000000e4800000)
  to   space 10240K, 0% used [0x00000000e6880000,0x00000000e6880000,0x00000000e7280000)
 ParOldGen       total 58880K, used 8533K [0x00000000a0000000, 0x00000000a3980000, 0x00000000e0000000)
  object space 58880K, 14% used [0x00000000a0000000,0x00000000a0855598,0x00000000a3980000)
 Metaspace       used 28260K, capacity 28704K, committed 28928K, reserved 1075200K
  class space    used 3885K, capacity 4045K, committed 4096K, reserved 1048576K
}
Event: 14.066 GC heap before
{Heap before GC invocations=9 (full 1):
 PSYoungGen      total 73728K, used 70900K [0x00000000e0000000, 0x00000000e7280000, 0x0000000100000000)
  eden space 63488K, 100% used [0x00000000e0000000,0x00000000e3e00000,0x00000000e3e00000)
  from space 10240K, 72% used [0x00000000e3e00000,0x00000000e453d130,0x00000000e4800000)
  to   space 10240K, 0% used [0x00000000e6880000,0x00000000e6880000,0x00000000e7280000)
 ParOldGen       total 58880K, used 8533K [0x00000000a0000000, 0x00000000a3980000, 0x00000000e0000000)
  object space 58880K, 14% used [0x00000000a0000000,0x00000000a0855598,0x00000000a3980000)
 Metaspace       used 31504K, capacity 31972K, committed 32256K, reserved 1077248K
  class space    used 4429K, capacity 4599K, committed 4608K, reserved 1048576K
Event: 14.090 GC heap after
Heap after GC invocations=9 (full 1):
 PSYoungGen      total 106496K, used 8316K [0x00000000e0000000, 0x00000000e7480000, 0x0000000100000000)
  eden space 96256K, 0% used [0x00000000e0000000,0x00000000e0000000,0x00000000e5e00000)
  from space 10240K, 81% used [0x00000000e6880000,0x00000000e709f3e0,0x00000000e7280000)
  to   space 10752K, 0% used [0x00000000e5e00000,0x00000000e5e00000,0x00000000e6880000)
 ParOldGen       total 58880K, used 8541K [0x00000000a0000000, 0x00000000a3980000, 0x00000000e0000000)
  object space 58880K, 14% used [0x00000000a0000000,0x00000000a0857598,0x00000000a3980000)
 Metaspace       used 31504K, capacity 31972K, committed 32256K, reserved 1077248K
  class space    used 4429K, capacity 4599K, committed 4608K, reserved 1048576K
}
Event: 16.440 GC heap before
{Heap before GC invocations=10 (full 1):
 PSYoungGen      total 106496K, used 61375K [0x00000000e0000000, 0x00000000e7480000, 0x0000000100000000)
  eden space 96256K, 55% used [0x00000000e0000000,0x00000000e33d0ab0,0x00000000e5e00000)
  from space 10240K, 81% used [0x00000000e6880000,0x00000000e709f3e0,0x00000000e7280000)
  to   space 10752K, 0% used [0x00000000e5e00000,0x00000000e5e00000,0x00000000e6880000)
 ParOldGen       total 58880K, used 8541K [0x00000000a0000000, 0x00000000a3980000, 0x00000000e0000000)
  object space 58880K, 14% used [0x00000000a0000000,0x00000000a0857598,0x00000000a3980000)
 Metaspace       used 34652K, capacity 35328K, committed 35496K, reserved 1079296K
  class space    used 4885K, capacity 5067K, committed 5120K, reserved 1048576K
Event: 16.470 GC heap after
Heap after GC invocations=10 (full 1):
 PSYoungGen      total 107008K, used 10104K [0x00000000e0000000, 0x00000000e9280000, 0x0000000100000000)
  eden space 96256K, 0% used [0x00000000e0000000,0x00000000e0000000,0x00000000e5e00000)
  from space 10752K, 93% used [0x00000000e5e00000,0x00000000e67de048,0x00000000e6880000)
  to   space 11264K, 0% used [0x00000000e8780000,0x00000000e8780000,0x00000000e9280000)
 ParOldGen       total 58880K, used 8549K [0x00000000a0000000, 0x00000000a3980000, 0x00000000e0000000)
  object space 58880K, 14% used [0x00000000a0000000,0x00000000a0859598,0x00000000a3980000)
 Metaspace       used 34652K, capacity 35328K, committed 35496K, reserved 1079296K
  class space    used 4885K, capacity 5067K, committed 5120K, reserved 1048576K
}
Event: 16.470 GC heap before
{Heap before GC invocations=11 (full 2):
 PSYoungGen      total 107008K, used 10104K [0x00000000e0000000, 0x00000000e9280000, 0x0000000100000000)
  eden space 96256K, 0% used [0x00000000e0000000,0x00000000e0000000,0x00000000e5e00000)
  from space 10752K, 93% used [0x00000000e5e00000,0x00000000e67de048,0x00000000e6880000)
  to   space 11264K, 0% used [0x00000000e8780000,0x00000000e8780000,0x00000000e9280000)
 ParOldGen       total 58880K, used 8549K [0x00000000a0000000, 0x00000000a3980000, 0x00000000e0000000)
  object space 58880K, 14% used [0x00000000a0000000,0x00000000a0859598,0x00000000a3980000)
 Metaspace       used 34652K, capacity 35328K, committed 35496K, reserved 1079296K
  class space    used 4885K, capacity 5067K, committed 5120K, reserved 1048576K
Event: 16.647 GC heap after
Heap after GC invocations=11 (full 2):
 PSYoungGen      total 107008K, used 0K [0x00000000e0000000, 0x00000000e9280000, 0x0000000100000000)
  eden space 96256K, 0% used [0x00000000e0000000,0x00000000e0000000,0x00000000e5e00000)
  from space 10752K, 0% used [0x00000000e5e00000,0x00000000e5e00000,0x00000000e6880000)
  to   space 11264K, 0% used [0x00000000e8780000,0x00000000e8780000,0x00000000e9280000)
 ParOldGen       total 58880K, used 16996K [0x00000000a0000000, 0x00000000a3980000, 0x00000000e0000000)
  object space 58880K, 28% used [0x00000000a0000000,0x00000000a10991f8,0x00000000a3980000)
 Metaspace       used 34618K, capacity 35214K, committed 35496K, reserved 1079296K
  class space    used 4874K, capacity 5048K, committed 5120K, reserved 1048576K
}

