# JRE version: Java(TM) SE Runtime Environment (8.0_191-b12) (build 1.8.0_191-b12)
# Java VM: Java HotSpot(TM) 64-Bit Server VM (25.191-b12 mixed mode windows-amd64 compressed oops)
Heap:
 PSYoungGen      total 73728K, used 66623K [0x00000000e0000000, 0x00000000e7300000, 0x0000000100000000)
  eden space 63488K, 93% used [0x00000000e0000000,0x00000000e3a13900,0x00000000e3e00000)
  from space 10240K, 69% used [0x00000000e3e00000,0x00000000e44fc6b0,0x00000000e4800000)
  to   space 10240K, 0% used [0x00000000e6900000,0x00000000e6900000,0x00000000e7300000)
 ParOldGen       total 59392K, used 8754K [0x00000000a0000000, 0x00000000a3a00000, 0x00000000e0000000)
  object space 59392K, 14% used [0x00000000a0000000,0x00000000a088c880,0x00000000a3a00000)
 Metaspace       used 31423K, capacity 32018K, committed 32128K, reserved 1077248K
  class space    used 4501K, capacity 4702K, committed 4736K, reserved 1048576K
GC Heap History (10 events):
Event: 9.122 GC heap before
{Heap before GC invocations=4 (full 0):
 PSYoungGen      total 36864K, used 36859K [0x00000000e0000000, 0x00000000e2900000, 0x0000000100000000)
  eden space 31744K, 100% used [0x00000000e0000000,0x00000000e1f00000,0x00000000e1f00000)
  from space 5120K, 99% used [0x00000000e1f00000,0x00000000e23fef00,0x00000000e2400000)
  to   space 5120K, 0% used [0x00000000e2400000,0x00000000e2400000,0x00000000e2900000)
 ParOldGen       total 84992K, used 1504K [0x00000000a0000000, 0x00000000a5300000, 0x00000000e0000000)
  object space 84992K, 1% used [0x00000000a0000000,0x00000000a0178170,0x00000000a5300000)
 Metaspace       used 15228K, capacity 15644K, committed 15744K, reserved 1062912K
  class space    used 2214K, capacity 2364K, committed 2432K, reserved 1048576K
Event: 9.140 GC heap after
Heap after GC invocations=4 (full 0):
 PSYoungGen      total 36864K, used 5112K [0x00000000e0000000, 0x00000000e2900000, 0x0000000100000000)
  eden space 31744K, 0% used [0x00000000e0000000,0x00000000e0000000,0x00000000e1f00000)
  from space 5120K, 99% used [0x00000000e2400000,0x00000000e28fe030,0x00000000e2900000)
  to   space 5120K, 0% used [0x00000000e1f00000,0x00000000e1f00000,0x00000000e2400000)
 ParOldGen       total 84992K, used 4357K [0x00000000a0000000, 0x00000000a5300000, 0x00000000e0000000)
  object space 84992K, 5% used [0x00000000a0000000,0x00000000a0441618,0x00000000a5300000)
 Metaspace       used 15228K, capacity 15644K, committed 15744K, reserved 1062912K
  class space    used 2214K, capacity 2364K, committed 2432K, reserved 1048576K
}
Event: 10.696 GC heap before
{Heap before GC invocations=5 (full 0):
 PSYoungGen      total 36864K, used 36856K [0x00000000e0000000, 0x00000000e2900000, 0x0000000100000000)
  eden space 31744K, 100% used [0x00000000e0000000,0x00000000e1f00000,0x00000000e1f00000)
  from space 5120K, 99% used [0x00000000e2400000,0x00000000e28fe030,0x00000000e2900000)
  to   space 5120K, 0% used [0x00000000e1f00000,0x00000000e1f00000,0x00000000e2400000)
 ParOldGen       total 84992K, used 4357K [0x00000000a0000000, 0x00000000a5300000, 0x00000000e0000000)
  object space 84992K, 5% used [0x00000000a0000000,0x00000000a0441618,0x00000000a5300000)
 Metaspace       used 18325K, capacity 18812K, committed 19072K, reserved 1064960K
  class space    used 2718K, capacity 2882K, committed 2944K, reserved 1048576K
Event: 10.726 GC heap after
Heap after GC invocations=5 (full 0):
 PSYoungGen      total 36864K, used 5112K [0x00000000e0000000, 0x00000000e5200000, 0x0000000100000000)
  eden space 31744K, 0% used [0x00000000e0000000,0x00000000e0000000,0x00000000e1f00000)
  from space 5120K, 99% used [0x00000000e1f00000,0x00000000e23fe060,0x00000000e2400000)
  to   space 10240K, 0% used [0x00000000e4800000,0x00000000e4800000,0x00000000e5200000)
 ParOldGen       total 84992K, used 8068K [0x00000000a0000000, 0x00000000a5300000, 0x00000000e0000000)
  object space 84992K, 9% used [0x00000000a0000000,0x00000000a07e1020,0x00000000a5300000)
 Metaspace       used 18325K, capacity 18812K, committed 19072K, reserved 1064960K
  class space    used 2718K, capacity 2882K, committed 2944K, reserved 1048576K
}
Event: 11.803 GC heap before
{Heap before GC invocations=6 (full 0):
 PSYoungGen      total 36864K, used 24213K [0x00000000e0000000, 0x00000000e5200000, 0x0000000100000000)
  eden space 31744K, 60% used [0x00000000e0000000,0x00000000e12a74f8,0x00000000e1f00000)
  from space 5120K, 99% used [0x00000000e1f00000,0x00000000e23fe060,0x00000000e2400000)
  to   space 10240K, 0% used [0x00000000e4800000,0x00000000e4800000,0x00000000e5200000)
 ParOldGen       total 84992K, used 8068K [0x00000000a0000000, 0x00000000a5300000, 0x00000000e0000000)
  object space 84992K, 9% used [0x00000000a0000000,0x00000000a07e1020,0x00000000a5300000)
 Metaspace       used 20667K, capacity 21156K, committed 21296K, reserved 1067008K
  class space    used 2989K, capacity 3161K, committed 3200K, reserved 1048576K
Event: 11.824 GC heap after
Heap after GC invocations=6 (full 0):
 PSYoungGen      total 73728K, used 7833K [0x00000000e0000000, 0x00000000e5200000, 0x0000000100000000)
  eden space 63488K, 0% used [0x00000000e0000000,0x00000000e0000000,0x00000000e3e00000)
  from space 10240K, 76% used [0x00000000e4800000,0x00000000e4fa6470,0x00000000e5200000)
  to   space 10240K, 0% used [0x00000000e3e00000,0x00000000e3e00000,0x00000000e4800000)
 ParOldGen       total 84992K, used 8076K [0x00000000a0000000, 0x00000000a5300000, 0x00000000e0000000)
  object space 84992K, 9% used [0x00000000a0000000,0x00000000a07e3020,0x00000000a5300000)
 Metaspace       used 20667K, capacity 21156K, committed 21296K, reserved 1067008K
  class space    used 2989K, capacity 3161K, committed 3200K, reserved 1048576K
}
Event: 11.824 GC heap before
{Heap before GC invocations=7 (full 1):
 PSYoungGen      total 73728K, used 7833K [0x00000000e0000000, 0x00000000e5200000, 0x0000000100000000)
  eden space 63488K, 0% used [0x00000000e0000000,0x00000000e0000000,0x00000000e3e00000)
  from space 10240K, 76% used [0x00000000e4800000,0x00000000e4fa6470,0x00000000e5200000)
  to   space 10240K, 0% used [0x00000000e3e00000,0x00000000e3e00000,0x00000000e4800000)
 ParOldGen       total 84992K, used 8076K [0x00000000a0000000, 0x00000000a5300000, 0x00000000e0000000)
  object space 84992K, 9% used [0x00000000a0000000,0x00000000a07e3020,0x00000000a5300000)
 Metaspace       used 20667K, capacity 21156K, committed 21296K, reserved 1067008K
  class space    used 2989K, capacity 3161K, committed 3200K, reserved 1048576K
Event: 11.952 GC heap after
Heap after GC invocations=7 (full 1):
 PSYoungGen      total 73728K, used 0K [0x00000000e0000000, 0x00000000e5200000, 0x0000000100000000)
  eden space 63488K, 0% used [0x00000000e0000000,0x00000000e0000000,0x00000000e3e00000)
  from space 10240K, 0% used [0x00000000e4800000,0x00000000e4800000,0x00000000e5200000)
  to   space 10240K, 0% used [0x00000000e3e00000,0x00000000e3e00000,0x00000000e4800000)
 ParOldGen       total 59392K, used 8746K [0x00000000a0000000, 0x00000000a3a00000, 0x00000000e0000000)
  object space 59392K, 14% used [0x00000000a0000000,0x00000000a088a880,0x00000000a3a00000)
 Metaspace       used 20667K, capacity 21156K, committed 21296K, reserved 1067008K
  class space    used 2989K, capacity 3161K, committed 3200K, reserved 1048576K
}
Event: 14.264 GC heap before
{Heap before GC invocations=8 (full 1):
 PSYoungGen      total 73728K, used 63488K [0x00000000e0000000, 0x00000000e5200000, 0x0000000100000000)
  eden space 63488K, 100% used [0x00000000e0000000,0x00000000e3e00000,0x00000000e3e00000)
  from space 10240K, 0% used [0x00000000e4800000,0x00000000e4800000,0x00000000e5200000)
  to   space 10240K, 0% used [0x00000000e3e00000,0x00000000e3e00000,0x00000000e4800000)
 ParOldGen       total 59392K, used 8746K [0x00000000a0000000, 0x00000000a3a00000, 0x00000000e0000000)
  object space 59392K, 14% used [0x00000000a0000000,0x00000000a088a880,0x00000000a3a00000)
 Metaspace       used 27862K, capacity 28358K, committed 28416K, reserved 1073152K
  class space    used 3897K, capacity 4066K, committed 4096K, reserved 1048576K
Event: 14.282 GC heap after
Heap after GC invocations=8 (full 1):
 PSYoungGen      total 73728K, used 7153K [0x00000000e0000000, 0x00000000e7300000, 0x0000000100000000)
  eden space 63488K, 0% used [0x00000000e0000000,0x00000000e0000000,0x00000000e3e00000)
  from space 10240K, 69% used [0x00000000e3e00000,0x00000000e44fc6b0,0x00000000e4800000)
  to   space 10240K, 0% used [0x00000000e6900000,0x00000000e6900000,0x00000000e7300000)
 ParOldGen       total 59392K, used 8754K [0x00000000a0000000, 0x00000000a3a00000, 0x00000000e0000000)
  object space 59392K, 14% used [0x00000000a0000000,0x00000000a088c880,0x00000000a3a00000)
 Metaspace       used 27862K, capacity 28358K, committed 28416K, reserved 1073152K
  class space    used 3897K, capacity 4066K, committed 4096K, reserved 1048576K
}

