# JRE version: Java(TM) SE Runtime Environment (8.0_191-b12) (build 1.8.0_191-b12)
# Java VM: Java HotSpot(TM) 64-Bit Server VM (25.191-b12 mixed mode windows-amd64 compressed oops)
Heap:
 PSYoungGen      total 239104K, used 59053K [0x00000000e0000000, 0x00000000f1180000, 0x0000000100000000)
  eden space 219136K, 26% used [0x00000000e0000000,0x00000000e39ab5d8,0x00000000ed600000)
  from space 19968K, 0% used [0x00000000eec00000,0x00000000eec00000,0x00000000eff80000)
  to   space 22528K, 0% used [0x00000000ed600000,0x00000000ed600000,0x00000000eec00000)
 ParOldGen       total 115200K, used 32551K [0x00000000a0000000, 0x00000000a7080000, 0x00000000e0000000)
  object space 115200K, 28% used [0x00000000a0000000,0x00000000a1fc9fa0,0x00000000a7080000)
 Metaspace       used 60460K, capacity 62296K, committed 62464K, reserved 1103872K
  class space    used 8452K, capacity 8882K, committed 8960K, reserved 1048576K
GC Heap History (10 events):
Event: 21.527 GC heap before
{Heap before GC invocations=7 (full 1):
 PSYoungGen      total 132096K, used 64805K [0x00000000e0000000, 0x00000000eca00000, 0x0000000100000000)
  eden space 126976K, 47% used [0x00000000e0000000,0x00000000e3a4d460,0x00000000e7c00000)
  from space 5120K, 99% used [0x00000000e7c00000,0x00000000e80fc010,0x00000000e8100000)
  to   space 16384K, 0% used [0x00000000eba00000,0x00000000eba00000,0x00000000eca00000)
 ParOldGen       total 71168K, used 19708K [0x00000000a0000000, 0x00000000a4580000, 0x00000000e0000000)
  object space 71168K, 27% used [0x00000000a0000000,0x00000000a133f140,0x00000000a4580000)
 Metaspace       used 34684K, capacity 35478K, committed 35496K, reserved 1079296K
  class space    used 4896K, capacity 5110K, committed 5120K, reserved 1048576K
Event: 21.549 GC heap after
Heap after GC invocations=7 (full 1):
 PSYoungGen      total 189440K, used 9885K [0x00000000e0000000, 0x00000000ec900000, 0x0000000100000000)
  eden space 174080K, 0% used [0x00000000e0000000,0x00000000e0000000,0x00000000eaa00000)
  from space 15360K, 64% used [0x00000000eba00000,0x00000000ec3a7600,0x00000000ec900000)
  to   space 15872K, 0% used [0x00000000eaa00000,0x00000000eaa00000,0x00000000eb980000)
 ParOldGen       total 71168K, used 19716K [0x00000000a0000000, 0x00000000a4580000, 0x00000000e0000000)
  object space 71168K, 27% used [0x00000000a0000000,0x00000000a1341140,0x00000000a4580000)
 Metaspace       used 34684K, capacity 35478K, committed 35496K, reserved 1079296K
  class space    used 4896K, capacity 5110K, committed 5120K, reserved 1048576K
}
Event: 21.549 GC heap before
{Heap before GC invocations=8 (full 2):
 PSYoungGen      total 189440K, used 9885K [0x00000000e0000000, 0x00000000ec900000, 0x0000000100000000)
  eden space 174080K, 0% used [0x00000000e0000000,0x00000000e0000000,0x00000000eaa00000)
  from space 15360K, 64% used [0x00000000eba00000,0x00000000ec3a7600,0x00000000ec900000)
  to   space 15872K, 0% used [0x00000000eaa00000,0x00000000eaa00000,0x00000000eb980000)
 ParOldGen       total 71168K, used 19716K [0x00000000a0000000, 0x00000000a4580000, 0x00000000e0000000)
  object space 71168K, 27% used [0x00000000a0000000,0x00000000a1341140,0x00000000a4580000)
 Metaspace       used 34684K, capacity 35478K, committed 35496K, reserved 1079296K
  class space    used 4896K, capacity 5110K, committed 5120K, reserved 1048576K
Event: 21.757 GC heap after
Heap after GC invocations=8 (full 2):
 PSYoungGen      total 189440K, used 0K [0x00000000e0000000, 0x00000000ec900000, 0x0000000100000000)
  eden space 174080K, 0% used [0x00000000e0000000,0x00000000e0000000,0x00000000eaa00000)
  from space 15360K, 0% used [0x00000000eba00000,0x00000000eba00000,0x00000000ec900000)
  to   space 15872K, 0% used [0x00000000eaa00000,0x00000000eaa00000,0x00000000eb980000)
 ParOldGen       total 115200K, used 17453K [0x00000000a0000000, 0x00000000a7080000, 0x00000000e0000000)
  object space 115200K, 15% used [0x00000000a0000000,0x00000000a110b4c0,0x00000000a7080000)
 Metaspace       used 34666K, capacity 35418K, committed 35496K, reserved 1079296K
  class space    used 4891K, capacity 5100K, committed 5120K, reserved 1048576K
}
Event: 31.772 GC heap before
{Heap before GC invocations=9 (full 2):
 PSYoungGen      total 189440K, used 174080K [0x00000000e0000000, 0x00000000ec900000, 0x0000000100000000)
  eden space 174080K, 100% used [0x00000000e0000000,0x00000000eaa00000,0x00000000eaa00000)
  from space 15360K, 0% used [0x00000000eba00000,0x00000000eba00000,0x00000000ec900000)
  to   space 15872K, 0% used [0x00000000eaa00000,0x00000000eaa00000,0x00000000eb980000)
 ParOldGen       total 115200K, used 17453K [0x00000000a0000000, 0x00000000a7080000, 0x00000000e0000000)
  object space 115200K, 15% used [0x00000000a0000000,0x00000000a110b4c0,0x00000000a7080000)
 Metaspace       used 50877K, capacity 52022K, committed 52224K, reserved 1093632K
  class space    used 7006K, capacity 7340K, committed 7424K, reserved 1048576K
Event: 31.807 GC heap after
Heap after GC invocations=9 (full 2):
 PSYoungGen      total 189952K, used 15850K [0x00000000e0000000, 0x00000000eff80000, 0x0000000100000000)
  eden space 174080K, 0% used [0x00000000e0000000,0x00000000e0000000,0x00000000eaa00000)
  from space 15872K, 99% used [0x00000000eaa00000,0x00000000eb97a848,0x00000000eb980000)
  to   space 19968K, 0% used [0x00000000eec00000,0x00000000eec00000,0x00000000eff80000)
 ParOldGen       total 115200K, used 21110K [0x00000000a0000000, 0x00000000a7080000, 0x00000000e0000000)
  object space 115200K, 18% used [0x00000000a0000000,0x00000000a149dba8,0x00000000a7080000)
 Metaspace       used 50877K, capacity 52022K, committed 52224K, reserved 1093632K
  class space    used 7006K, capacity 7340K, committed 7424K, reserved 1048576K
}
Event: 35.867 GC heap before
{Heap before GC invocations=10 (full 2):
 PSYoungGen      total 189952K, used 110466K [0x00000000e0000000, 0x00000000eff80000, 0x0000000100000000)
  eden space 174080K, 54% used [0x00000000e0000000,0x00000000e5c66028,0x00000000eaa00000)
  from space 15872K, 99% used [0x00000000eaa00000,0x00000000eb97a848,0x00000000eb980000)
  to   space 19968K, 0% used [0x00000000eec00000,0x00000000eec00000,0x00000000eff80000)
 ParOldGen       total 115200K, used 21110K [0x00000000a0000000, 0x00000000a7080000, 0x00000000e0000000)
  object space 115200K, 18% used [0x00000000a0000000,0x00000000a149dba8,0x00000000a7080000)
 Metaspace       used 57488K, capacity 59026K, committed 59136K, reserved 1099776K
  class space    used 7933K, capacity 8342K, committed 8448K, reserved 1048576K
Event: 35.953 GC heap after
Heap after GC invocations=10 (full 2):
 PSYoungGen      total 239104K, used 18167K [0x00000000e0000000, 0x00000000f1180000, 0x0000000100000000)
  eden space 219136K, 0% used [0x00000000e0000000,0x00000000e0000000,0x00000000ed600000)
  from space 19968K, 90% used [0x00000000eec00000,0x00000000efdbdf08,0x00000000eff80000)
  to   space 22528K, 0% used [0x00000000ed600000,0x00000000ed600000,0x00000000eec00000)
 ParOldGen       total 115200K, used 21118K [0x00000000a0000000, 0x00000000a7080000, 0x00000000e0000000)
  object space 115200K, 18% used [0x00000000a0000000,0x00000000a149fba8,0x00000000a7080000)
 Metaspace       used 57488K, capacity 59026K, committed 59136K, reserved 1099776K
  class space    used 7933K, capacity 8342K, committed 8448K, reserved 1048576K
}
Event: 35.953 GC heap before
{Heap before GC invocations=11 (full 3):
 PSYoungGen      total 239104K, used 18167K [0x00000000e0000000, 0x00000000f1180000, 0x0000000100000000)
  eden space 219136K, 0% used [0x00000000e0000000,0x00000000e0000000,0x00000000ed600000)
  from space 19968K, 90% used [0x00000000eec00000,0x00000000efdbdf08,0x00000000eff80000)
  to   space 22528K, 0% used [0x00000000ed600000,0x00000000ed600000,0x00000000eec00000)
 ParOldGen       total 115200K, used 21118K [0x00000000a0000000, 0x00000000a7080000, 0x00000000e0000000)
  object space 115200K, 18% used [0x00000000a0000000,0x00000000a149fba8,0x00000000a7080000)
 Metaspace       used 57488K, capacity 59026K, committed 59136K, reserved 1099776K
  class space    used 7933K, capacity 8342K, committed 8448K, reserved 1048576K
Event: 36.914 GC heap after
Heap after GC invocations=11 (full 3):
 PSYoungGen      total 239104K, used 0K [0x00000000e0000000, 0x00000000f1180000, 0x0000000100000000)
  eden space 219136K, 0% used [0x00000000e0000000,0x00000000e0000000,0x00000000ed600000)
  from space 19968K, 0% used [0x00000000eec00000,0x00000000eec00000,0x00000000eff80000)
  to   space 22528K, 0% used [0x00000000ed600000,0x00000000ed600000,0x00000000eec00000)
 ParOldGen       total 115200K, used 32551K [0x00000000a0000000, 0x00000000a7080000, 0x00000000e0000000)
  object space 115200K, 28% used [0x00000000a0000000,0x00000000a1fc9fa0,0x00000000a7080000)
 Metaspace       used 57488K, capacity 59026K, committed 59136K, reserved 1099776K
  class space    used 7933K, capacity 8342K, committed 8448K, reserved 1048576K
}

