# JRE version: Java(TM) SE Runtime Environment (8.0_191-b12) (build 1.8.0_191-b12)
# Java VM: Java HotSpot(TM) 64-Bit Server VM (25.191-b12 mixed mode windows-amd64 compressed oops)
Heap:
 PSYoungGen      total 73728K, used 57084K [0x00000000e0000000, 0x00000000e7200000, 0x0000000100000000)
  eden space 63488K, 76% used [0x00000000e0000000,0x00000000e2f41610,0x00000000e3e00000)
  from space 10240K, 84% used [0x00000000e3e00000,0x00000000e467da28,0x00000000e4800000)
  to   space 10752K, 0% used [0x00000000e6780000,0x00000000e6780000,0x00000000e7200000)
 ParOldGen       total 60416K, used 8519K [0x00000000a0000000, 0x00000000a3b00000, 0x00000000e0000000)
  object space 60416K, 14% used [0x00000000a0000000,0x00000000a0851e00,0x00000000a3b00000)
 Metaspace       used 32084K, capacity 32680K, committed 33152K, reserved 1077248K
  class space    used 4431K, capacity 4629K, committed 4736K, reserved 1048576K
GC Heap History (10 events):
Event: 7.572 GC heap before
{Heap before GC invocations=4 (full 0):
 PSYoungGen      total 36864K, used 36859K [0x00000000e0000000, 0x00000000e2900000, 0x0000000100000000)
  eden space 31744K, 100% used [0x00000000e0000000,0x00000000e1f00000,0x00000000e1f00000)
  from space 5120K, 99% used [0x00000000e1f00000,0x00000000e23fef00,0x00000000e2400000)
  to   space 5120K, 0% used [0x00000000e2400000,0x00000000e2400000,0x00000000e2900000)
 ParOldGen       total 84992K, used 1605K [0x00000000a0000000, 0x00000000a5300000, 0x00000000e0000000)
  object space 84992K, 1% used [0x00000000a0000000,0x00000000a0191480,0x00000000a5300000)
 Metaspace       used 15295K, capacity 15728K, committed 16000K, reserved 1062912K
  class space    used 2221K, capacity 2394K, committed 2432K, reserved 1048576K
Event: 7.592 GC heap after
Heap after GC invocations=4 (full 0):
 PSYoungGen      total 36864K, used 5096K [0x00000000e0000000, 0x00000000e4800000, 0x0000000100000000)
  eden space 31744K, 0% used [0x00000000e0000000,0x00000000e0000000,0x00000000e1f00000)
  from space 5120K, 99% used [0x00000000e2400000,0x00000000e28fa060,0x00000000e2900000)
  to   space 5120K, 0% used [0x00000000e1f00000,0x00000000e1f00000,0x00000000e2400000)
 ParOldGen       total 84992K, used 4480K [0x00000000a0000000, 0x00000000a5300000, 0x00000000e0000000)
  object space 84992K, 5% used [0x00000000a0000000,0x00000000a0460028,0x00000000a5300000)
 Metaspace       used 15295K, capacity 15728K, committed 16000K, reserved 1062912K
  class space    used 2221K, capacity 2394K, committed 2432K, reserved 1048576K
}
Event: 8.868 GC heap before
{Heap before GC invocations=5 (full 0):
 PSYoungGen      total 36864K, used 36840K [0x00000000e0000000, 0x00000000e4800000, 0x0000000100000000)
  eden space 31744K, 100% used [0x00000000e0000000,0x00000000e1f00000,0x00000000e1f00000)
  from space 5120K, 99% used [0x00000000e2400000,0x00000000e28fa060,0x00000000e2900000)
  to   space 5120K, 0% used [0x00000000e1f00000,0x00000000e1f00000,0x00000000e2400000)
 ParOldGen       total 84992K, used 4480K [0x00000000a0000000, 0x00000000a5300000, 0x00000000e0000000)
  object space 84992K, 5% used [0x00000000a0000000,0x00000000a0460028,0x00000000a5300000)
 Metaspace       used 18415K, capacity 18864K, committed 19072K, reserved 1064960K
  class space    used 2722K, capacity 2880K, committed 2944K, reserved 1048576K
Event: 8.894 GC heap after
Heap after GC invocations=5 (full 0):
 PSYoungGen      total 36864K, used 5096K [0x00000000e0000000, 0x00000000e5200000, 0x0000000100000000)
  eden space 31744K, 0% used [0x00000000e0000000,0x00000000e0000000,0x00000000e1f00000)
  from space 5120K, 99% used [0x00000000e1f00000,0x00000000e23fa050,0x00000000e2400000)
  to   space 10240K, 0% used [0x00000000e4800000,0x00000000e4800000,0x00000000e5200000)
 ParOldGen       total 84992K, used 8335K [0x00000000a0000000, 0x00000000a5300000, 0x00000000e0000000)
  object space 84992K, 9% used [0x00000000a0000000,0x00000000a0823f18,0x00000000a5300000)
 Metaspace       used 18415K, capacity 18864K, committed 19072K, reserved 1064960K
  class space    used 2722K, capacity 2880K, committed 2944K, reserved 1048576K
}
Event: 10.811 GC heap before
{Heap before GC invocations=6 (full 0):
 PSYoungGen      total 36864K, used 25148K [0x00000000e0000000, 0x00000000e5200000, 0x0000000100000000)
  eden space 31744K, 63% used [0x00000000e0000000,0x00000000e1395338,0x00000000e1f00000)
  from space 5120K, 99% used [0x00000000e1f00000,0x00000000e23fa050,0x00000000e2400000)
  to   space 10240K, 0% used [0x00000000e4800000,0x00000000e4800000,0x00000000e5200000)
 ParOldGen       total 84992K, used 8335K [0x00000000a0000000, 0x00000000a5300000, 0x00000000e0000000)
  object space 84992K, 9% used [0x00000000a0000000,0x00000000a0823f18,0x00000000a5300000)
 Metaspace       used 20634K, capacity 21146K, committed 21296K, reserved 1067008K
  class space    used 3018K, capacity 3185K, committed 3200K, reserved 1048576K
Event: 10.828 GC heap after
Heap after GC invocations=6 (full 0):
 PSYoungGen      total 73728K, used 7463K [0x00000000e0000000, 0x00000000e5200000, 0x0000000100000000)
  eden space 63488K, 0% used [0x00000000e0000000,0x00000000e0000000,0x00000000e3e00000)
  from space 10240K, 72% used [0x00000000e4800000,0x00000000e4f49e78,0x00000000e5200000)
  to   space 10240K, 0% used [0x00000000e3e00000,0x00000000e3e00000,0x00000000e4800000)
 ParOldGen       total 84992K, used 8343K [0x00000000a0000000, 0x00000000a5300000, 0x00000000e0000000)
  object space 84992K, 9% used [0x00000000a0000000,0x00000000a0825f18,0x00000000a5300000)
 Metaspace       used 20634K, capacity 21146K, committed 21296K, reserved 1067008K
  class space    used 3018K, capacity 3185K, committed 3200K, reserved 1048576K
}
Event: 10.828 GC heap before
{Heap before GC invocations=7 (full 1):
 PSYoungGen      total 73728K, used 7463K [0x00000000e0000000, 0x00000000e5200000, 0x0000000100000000)
  eden space 63488K, 0% used [0x00000000e0000000,0x00000000e0000000,0x00000000e3e00000)
  from space 10240K, 72% used [0x00000000e4800000,0x00000000e4f49e78,0x00000000e5200000)
  to   space 10240K, 0% used [0x00000000e3e00000,0x00000000e3e00000,0x00000000e4800000)
 ParOldGen       total 84992K, used 8343K [0x00000000a0000000, 0x00000000a5300000, 0x00000000e0000000)
  object space 84992K, 9% used [0x00000000a0000000,0x00000000a0825f18,0x00000000a5300000)
 Metaspace       used 20634K, capacity 21146K, committed 21296K, reserved 1067008K
  class space    used 3018K, capacity 3185K, committed 3200K, reserved 1048576K
Event: 10.947 GC heap after
Heap after GC invocations=7 (full 1):
 PSYoungGen      total 73728K, used 0K [0x00000000e0000000, 0x00000000e5200000, 0x0000000100000000)
  eden space 63488K, 0% used [0x00000000e0000000,0x00000000e0000000,0x00000000e3e00000)
  from space 10240K, 0% used [0x00000000e4800000,0x00000000e4800000,0x00000000e5200000)
  to   space 10240K, 0% used [0x00000000e3e00000,0x00000000e3e00000,0x00000000e4800000)
 ParOldGen       total 60416K, used 8511K [0x00000000a0000000, 0x00000000a3b00000, 0x00000000e0000000)
  object space 60416K, 14% used [0x00000000a0000000,0x00000000a084fe00,0x00000000a3b00000)
 Metaspace       used 20634K, capacity 21146K, committed 21296K, reserved 1067008K
  class space    used 3018K, capacity 3185K, committed 3200K, reserved 1048576K
}
Event: 13.834 GC heap before
{Heap before GC invocations=8 (full 1):
 PSYoungGen      total 73728K, used 63488K [0x00000000e0000000, 0x00000000e5200000, 0x0000000100000000)
  eden space 63488K, 100% used [0x00000000e0000000,0x00000000e3e00000,0x00000000e3e00000)
  from space 10240K, 0% used [0x00000000e4800000,0x00000000e4800000,0x00000000e5200000)
  to   space 10240K, 0% used [0x00000000e3e00000,0x00000000e3e00000,0x00000000e4800000)
 ParOldGen       total 60416K, used 8511K [0x00000000a0000000, 0x00000000a3b00000, 0x00000000e0000000)
  object space 60416K, 14% used [0x00000000a0000000,0x00000000a084fe00,0x00000000a3b00000)
 Metaspace       used 28982K, capacity 29548K, committed 29824K, reserved 1075200K
  class space    used 3900K, capacity 4101K, committed 4224K, reserved 1048576K
Event: 13.859 GC heap after
Heap after GC invocations=8 (full 1):
 PSYoungGen      total 73728K, used 8694K [0x00000000e0000000, 0x00000000e7200000, 0x0000000100000000)
  eden space 63488K, 0% used [0x00000000e0000000,0x00000000e0000000,0x00000000e3e00000)
  from space 10240K, 84% used [0x00000000e3e00000,0x00000000e467da28,0x00000000e4800000)
  to   space 10752K, 0% used [0x00000000e6780000,0x00000000e6780000,0x00000000e7200000)
 ParOldGen       total 60416K, used 8519K [0x00000000a0000000, 0x00000000a3b00000, 0x00000000e0000000)
  object space 60416K, 14% used [0x00000000a0000000,0x00000000a0851e00,0x00000000a3b00000)
 Metaspace       used 28982K, capacity 29548K, committed 29824K, reserved 1075200K
  class space    used 3900K, capacity 4101K, committed 4224K, reserved 1048576K
}

